<?xml version="1.0" encoding="UTF-8"?>
<!-- Generated by org.testng.reporters.JUnitReportReporter -->
<testsuite hostname="DESKTOP-4974V9F" failures="0" tests="1" name="testCases.LoginTest" time="9.132" errors="0" timestamp="2021-09-02T12:11:21 CDT" skipped="0">
  <testcase classname="testCases.LoginTest" name="login" time="9.132"/>
  <system-out/>
</testsuite> <!-- testCases.LoginTest -->
