<?xml version="1.0" encoding="UTF-8"?>
<!-- Generated by org.testng.reporters.JUnitReportReporter -->
<testsuite hostname="DESKTOP-4974V9F" failures="0" tests="1" name="testCases.SignoffTest" time="12.132" errors="0" timestamp="2021-09-02T14:37:48 CDT" skipped="0">
  <testcase classname="testCases.SignoffTest" name="singOff" time="12.132"/>
  <system-out/>
</testsuite> <!-- testCases.SignoffTest -->
