<?xml version="1.0" encoding="UTF-8"?>
<!-- Generated by org.testng.reporters.JUnitReportReporter -->
<testsuite hostname="DESKTOP-4974V9F" failures="0" tests="1" name="testCases.CreateAccountTest" time="8.482" errors="0" timestamp="2021-09-02T14:49:29 CDT" skipped="0">
  <testcase classname="testCases.CreateAccountTest" name="createNewAccount" time="8.482"/>
  <system-out/>
</testsuite> <!-- testCases.CreateAccountTest -->
