<?xml version="1.0" encoding="UTF-8"?>
<!-- Generated by org.testng.reporters.JUnitReportReporter -->
<testsuite hostname="DESKTOP-4974V9F" failures="0" tests="1" name="testCases.CreateAccountTest" time="13.541" errors="0" timestamp="2021-09-01T02:11:30 CDT" skipped="0">
  <testcase classname="testCases.CreateAccountTest" name="demo" time="13.541"/>
  <system-out/>
</testsuite> <!-- testCases.CreateAccountTest -->
